Started by an SCM change
Running as SYSTEM
Building in workspace /var/jenkins_home/workspace/eCommerce
[WS-CLEANUP] Deleting project workspace...
[WS-CLEANUP] Deferred wipeout is used...
[WS-CLEANUP] Done
The recommended git tool is: NONE
using credential d3b09c67-1df6-410f-b749-404b285d5d5b
Cloning the remote Git repository
Cloning repository https://github.com/rema01/nd035-c4-Security-and-DevOps.git
 > git init /var/jenkins_home/workspace/eCommerce # timeout=10
Fetching upstream changes from https://github.com/rema01/nd035-c4-Security-and-DevOps.git
 > git --version # timeout=10
 > git --version # 'git version 2.34.1'
using GIT_SSH to set credentials 
 > git fetch --tags --force --progress -- https://github.com/rema01/nd035-c4-Security-and-DevOps.git +refs/heads/*:refs/remotes/origin/* # timeout=10
 > git config remote.origin.url https://github.com/rema01/nd035-c4-Security-and-DevOps.git # timeout=10
 > git config --add remote.origin.fetch +refs/heads/*:refs/remotes/origin/* # timeout=10
Avoid second fetch
 > git rev-parse refs/remotes/origin/main^{commit} # timeout=10
Checking out Revision c2fde061183966aa39a282dd8a0c114588b7fa43 (refs/remotes/origin/main)
 > git config core.sparsecheckout # timeout=10
 > git checkout -f c2fde061183966aa39a282dd8a0c114588b7fa43 # timeout=10
Commit message: "Fixed loggings"
 > git rev-list --no-walk 98f4d34741f37265fe0c18635a698127e4f05cb5 # timeout=10
Parsing POMs
Established TCP socket on 38859
[eCommerce] $ java -cp /var/jenkins_home/plugins/maven-plugin/WEB-INF/lib/maven35-agent-1.13.jar:/var/jenkins_home/tools/hudson.tasks.Maven_MavenInstallation/mvn383/boot/plexus-classworlds-2.6.0.jar:/var/jenkins_home/tools/hudson.tasks.Maven_MavenInstallation/mvn383/conf/logging jenkins.maven3.agent.Maven35Main /var/jenkins_home/tools/hudson.tasks.Maven_MavenInstallation/mvn383 /var/jenkins_home/war/WEB-INF/lib/remoting-4.12.jar /var/jenkins_home/plugins/maven-plugin/WEB-INF/lib/maven35-interceptor-1.13.jar /var/jenkins_home/plugins/maven-plugin/WEB-INF/lib/maven3-interceptor-commons-1.13.jar 38859
<===[JENKINS REMOTING CAPACITY]===>channel started
Executing Maven:  -B -f /var/jenkins_home/workspace/eCommerce/pom.xml clean compile package
[INFO] Scanning for projects...
[INFO] 
[INFO] ----------------------< com.example:auth-course >-----------------------
[INFO] Building auth-course 0.0.1-SNAPSHOT
[INFO] --------------------------------[ war ]---------------------------------
[INFO] 
[INFO] --- maven-clean-plugin:3.1.0:clean (default-clean) @ auth-course ---
[INFO] 
[INFO] --- maven-resources-plugin:3.1.0:resources (default-resources) @ auth-course ---
[INFO] Using 'UTF-8' encoding to copy filtered resources.
[INFO] Copying 1 resource
[INFO] Copying 1 resource
[INFO] 
[INFO] --- maven-compiler-plugin:3.8.1:compile (default-compile) @ auth-course ---
[INFO] Changes detected - recompiling the module!
[INFO] Compiling 20 source files to /var/jenkins_home/workspace/eCommerce/target/classes
[INFO] 
[INFO] --- maven-resources-plugin:3.1.0:resources (default-resources) @ auth-course ---
[INFO] Using 'UTF-8' encoding to copy filtered resources.
[INFO] Copying 1 resource
[INFO] Copying 1 resource
[INFO] 
[INFO] --- maven-compiler-plugin:3.8.1:compile (default-compile) @ auth-course ---
[INFO] Changes detected - recompiling the module!
[INFO] Compiling 20 source files to /var/jenkins_home/workspace/eCommerce/target/classes
[INFO] 
[INFO] --- maven-resources-plugin:3.1.0:testResources (default-testResources) @ auth-course ---
[INFO] Using 'UTF-8' encoding to copy filtered resources.
[INFO] skip non existing resourceDirectory /var/jenkins_home/workspace/eCommerce/src/test/resources
[INFO] 
[INFO] --- maven-compiler-plugin:3.8.1:testCompile (default-testCompile) @ auth-course ---
[INFO] Changes detected - recompiling the module!
[INFO] Compiling 6 source files to /var/jenkins_home/workspace/eCommerce/target/test-classes
[INFO] /var/jenkins_home/workspace/eCommerce/src/test/java/com/example/demo/TestUtils.java: /var/jenkins_home/workspace/eCommerce/src/test/java/com/example/demo/TestUtils.java uses or overrides a deprecated API.
[INFO] /var/jenkins_home/workspace/eCommerce/src/test/java/com/example/demo/TestUtils.java: Recompile with -Xlint:deprecation for details.
[INFO] 
[INFO] --- maven-surefire-plugin:2.22.2:test (default-test) @ auth-course ---
[INFO] 
[INFO] -------------------------------------------------------
[INFO]  T E S T S
[INFO] -------------------------------------------------------
[INFO] Running com.example.demo.controllers.UserControllerTest
20:59:16.687 [main] INFO com.example.demo.controllers.UserController - User name set with 'test'
20:59:16.691 [main] INFO com.example.demo.controllers.UserController - Cart of user saved with id null.
20:59:16.691 [main] INFO com.example.demo.controllers.UserController - Added cart null to user 0.
20:59:16.694 [main] INFO com.example.demo.controllers.UserController - Encrypted password for user
20:59:16.695 [main] INFO com.example.demo.controllers.UserController - Saved user to userRepository
20:59:16.718 [main] INFO com.example.demo.controllers.UserController - User name set with 'Testi'
20:59:16.718 [main] INFO com.example.demo.controllers.UserController - Cart of user saved with id null.
20:59:16.718 [main] INFO com.example.demo.controllers.UserController - Added cart null to user 0.
20:59:16.718 [main] INFO com.example.demo.controllers.UserController - Encrypted password for user
20:59:16.718 [main] INFO com.example.demo.controllers.UserController - Saved user to userRepository
20:59:16.718 [main] INFO com.example.demo.controllers.UserController - Requesting findById with Id: 1
20:59:16.720 [main] INFO com.example.demo.controllers.UserController - User name set with 'test'
20:59:16.720 [main] INFO com.example.demo.controllers.UserController - Cart of user saved with id null.
20:59:16.720 [main] INFO com.example.demo.controllers.UserController - Added cart null to user 0.
20:59:16.720 [main] WARN com.example.demo.controllers.UserController - Bad Request - Password strength not valid or missmatch between password and confirmPassword
20:59:16.720 [main] DEBUG com.example.demo.controllers.UserController - Password length: 12
20:59:16.720 [main] DEBUG com.example.demo.controllers.UserController - Password == ConfirmPassword?: false
20:59:16.721 [main] INFO com.example.demo.controllers.UserController - User name set with 'Testi'
20:59:16.721 [main] INFO com.example.demo.controllers.UserController - Cart of user saved with id null.
20:59:16.721 [main] INFO com.example.demo.controllers.UserController - Added cart null to user 0.
20:59:16.721 [main] INFO com.example.demo.controllers.UserController - Encrypted password for user
20:59:16.721 [main] INFO com.example.demo.controllers.UserController - Saved user to userRepository
20:59:16.721 [main] INFO com.example.demo.controllers.UserController - Requesting findByUserName with Username: Testi
20:59:16.722 [main] INFO com.example.demo.controllers.UserController - User found - username: 'Testi', id: 1
[INFO] Tests run: 4, Failures: 0, Errors: 0, Skipped: 0, Time elapsed: 0.841 s - in com.example.demo.controllers.UserControllerTest
[INFO] Running com.example.demo.controllers.ItemControllerTest
20:59:16.812 [main] INFO com.example.demo.controllers.ItemController - GetItemsByName: Round Widget
20:59:16.813 [main] INFO com.example.demo.controllers.ItemController - ItemCount: 1
20:59:16.814 [main] INFO com.example.demo.controllers.ItemController - GetItemById: 3
20:59:16.814 [main] INFO com.example.demo.controllers.ItemController - GetItemById: 2
20:59:16.815 [main] INFO com.example.demo.controllers.ItemController - GetItemsByName: Lined Widget
20:59:16.815 [main] INFO com.example.demo.controllers.ItemController - ItemCount: 0
20:59:16.816 [main] INFO com.example.demo.controllers.ItemController - Returning all items of repository.
[INFO] Tests run: 5, Failures: 0, Errors: 0, Skipped: 0, Time elapsed: 0.025 s - in com.example.demo.controllers.ItemControllerTest
[INFO] Running com.example.demo.controllers.OrderControllerTest
20:59:16.985 [main] INFO com.example.demo.controllers.OrderController - Submitting order from user: test
20:59:16.986 [main] INFO com.example.demo.controllers.OrderController - Order saved successfully.
[INFO] Tests run: 1, Failures: 0, Errors: 0, Skipped: 0, Time elapsed: 0.16 s - in com.example.demo.controllers.OrderControllerTest
[INFO] Running com.example.demo.controllers.CartControllerTest
20:59:16.997 [main] INFO com.example.demo.controllers.CartController - AddToCart: 2 x item with id 1 for user 'test'
20:59:16.997 [main] WARN com.example.demo.controllers.CartController - Initialized cart for user 'test'
20:59:17.000 [main] INFO com.example.demo.controllers.CartController - Cart saved successfully
20:59:17.001 [main] INFO com.example.demo.controllers.CartController - Remove item 1 from cart.
20:59:17.002 [main] INFO com.example.demo.controllers.CartController - Removed from cart successfully
20:59:17.003 [main] INFO com.example.demo.controllers.CartController - AddToCart: 2 x item with id 1 for user 'Bob'
20:59:17.003 [main] WARN com.example.demo.controllers.CartController - User with username 'Bob' not found
20:59:17.003 [main] INFO com.example.demo.controllers.CartController - AddToCart: 2 x item with id 1 for user 'test'
20:59:17.004 [main] WARN com.example.demo.controllers.CartController - Initialized cart for user 'test'
20:59:17.004 [main] INFO com.example.demo.controllers.CartController - Cart saved successfully
20:59:17.005 [main] INFO com.example.demo.controllers.CartController - AddToCart: 2 x item with id 1 for user 'test'
20:59:17.005 [main] WARN com.example.demo.controllers.CartController - Initialized cart for user 'test'
20:59:17.005 [main] INFO com.example.demo.controllers.CartController - Cart saved successfully
20:59:17.005 [main] INFO com.example.demo.controllers.CartController - Remove item 1 from cart.
20:59:17.005 [main] INFO com.example.demo.controllers.CartController - Removed from cart successfully
20:59:17.006 [main] INFO com.example.demo.controllers.CartController - AddToCart: 2 x item with id 4 for user 'test'
20:59:17.006 [main] WARN com.example.demo.controllers.CartController - Item with id 4 not found
20:59:17.007 [main] INFO com.example.demo.controllers.CartController - AddToCart: 2 x item with id 1 for user 'test'
20:59:17.007 [main] WARN com.example.demo.controllers.CartController - Initialized cart for user 'test'
20:59:17.007 [main] INFO com.example.demo.controllers.CartController - Cart saved successfully
20:59:17.007 [main] INFO com.example.demo.controllers.CartController - Remove item 1 from cart.
20:59:17.008 [main] INFO com.example.demo.controllers.CartController - Removed from cart successfully
[INFO] Tests run: 6, Failures: 0, Errors: 0, Skipped: 0, Time elapsed: 0.022 s - in com.example.demo.controllers.CartControllerTest
[INFO] Running com.example.demo.SareetaApplicationTests
20:59:17.039 [main] DEBUG org.springframework.test.context.junit4.SpringJUnit4ClassRunner - SpringJUnit4ClassRunner constructor called with [class com.example.demo.SareetaApplicationTests]
20:59:17.041 [main] DEBUG org.springframework.test.context.BootstrapUtils - Instantiating CacheAwareContextLoaderDelegate from class [org.springframework.test.context.cache.DefaultCacheAwareContextLoaderDelegate]
20:59:17.048 [main] DEBUG org.springframework.test.context.BootstrapUtils - Instantiating BootstrapContext using constructor [public org.springframework.test.context.support.DefaultBootstrapContext(java.lang.Class,org.springframework.test.context.CacheAwareContextLoaderDelegate)]
20:59:17.066 [main] DEBUG org.springframework.test.context.BootstrapUtils - Instantiating TestContextBootstrapper for test class [com.example.demo.SareetaApplicationTests] from class [org.springframework.boot.test.context.SpringBootTestContextBootstrapper]
20:59:17.077 [main] INFO org.springframework.boot.test.context.SpringBootTestContextBootstrapper - Neither @ContextConfiguration nor @ContextHierarchy found for test class [com.example.demo.SareetaApplicationTests], using SpringBootContextLoader
20:59:17.080 [main] DEBUG org.springframework.test.context.support.AbstractContextLoader - Did not detect default resource location for test class [com.example.demo.SareetaApplicationTests]: class path resource [com/example/demo/SareetaApplicationTests-context.xml] does not exist
20:59:17.081 [main] DEBUG org.springframework.test.context.support.AbstractContextLoader - Did not detect default resource location for test class [com.example.demo.SareetaApplicationTests]: class path resource [com/example/demo/SareetaApplicationTestsContext.groovy] does not exist
20:59:17.083 [main] INFO org.springframework.test.context.support.AbstractContextLoader - Could not detect default resource locations for test class [com.example.demo.SareetaApplicationTests]: no resource found for suffixes {-context.xml, Context.groovy}.
20:59:17.084 [main] INFO org.springframework.test.context.support.AnnotationConfigContextLoaderUtils - Could not detect default configuration classes for test class [com.example.demo.SareetaApplicationTests]: SareetaApplicationTests does not declare any static, non-private, non-final, nested classes annotated with @Configuration.
20:59:17.123 [main] DEBUG org.springframework.test.context.support.ActiveProfilesUtils - Could not find an 'annotation declaring class' for annotation type [org.springframework.test.context.ActiveProfiles] and class [com.example.demo.SareetaApplicationTests]
20:59:17.192 [main] DEBUG org.springframework.context.annotation.ClassPathScanningCandidateComponentProvider - Identified candidate component class: file [/var/jenkins_home/workspace/eCommerce/target/classes/com/example/demo/SareetaApplication.class]
20:59:17.193 [main] INFO org.springframework.boot.test.context.SpringBootTestContextBootstrapper - Found @SpringBootConfiguration com.example.demo.SareetaApplication for test class com.example.demo.SareetaApplicationTests
20:59:17.278 [main] DEBUG org.springframework.boot.test.context.SpringBootTestContextBootstrapper - @TestExecutionListeners is not present for class [com.example.demo.SareetaApplicationTests]: using defaults.
20:59:17.279 [main] INFO org.springframework.boot.test.context.SpringBootTestContextBootstrapper - Loaded default TestExecutionListener class names from location [META-INF/spring.factories]: [org.springframework.boot.test.mock.mockito.MockitoTestExecutionListener, org.springframework.boot.test.mock.mockito.ResetMocksTestExecutionListener, org.springframework.boot.test.autoconfigure.restdocs.RestDocsTestExecutionListener, org.springframework.boot.test.autoconfigure.web.client.MockRestServiceServerResetTestExecutionListener, org.springframework.boot.test.autoconfigure.web.servlet.MockMvcPrintOnlyOnFailureTestExecutionListener, org.springframework.boot.test.autoconfigure.web.servlet.WebDriverTestExecutionListener, org.springframework.test.context.web.ServletTestExecutionListener, org.springframework.test.context.support.DirtiesContextBeforeModesTestExecutionListener, org.springframework.test.context.support.DependencyInjectionTestExecutionListener, org.springframework.test.context.support.DirtiesContextTestExecutionListener, org.springframework.test.context.transaction.TransactionalTestExecutionListener, org.springframework.test.context.jdbc.SqlScriptsTestExecutionListener, org.springframework.security.test.context.support.WithSecurityContextTestExecutionListener, org.springframework.security.test.context.support.ReactorContextTestExecutionListener]
20:59:17.295 [main] INFO org.springframework.boot.test.context.SpringBootTestContextBootstrapper - Using TestExecutionListeners: [org.springframework.test.context.web.ServletTestExecutionListener@65ae095c, org.springframework.test.context.support.DirtiesContextBeforeModesTestExecutionListener@4c03a37, org.springframework.boot.test.mock.mockito.MockitoTestExecutionListener@2e140e59, org.springframework.boot.test.autoconfigure.SpringBootDependencyInjectionTestExecutionListener@49a71302, org.springframework.test.context.support.DirtiesContextTestExecutionListener@5cd61783, org.springframework.test.context.transaction.TransactionalTestExecutionListener@59429fac, org.springframework.test.context.jdbc.SqlScriptsTestExecutionListener@57aa341b, org.springframework.security.test.context.support.WithSecurityContextTestExecutionListener@26e412ef, org.springframework.security.test.context.support.ReactorContextTestExecutionListener@4ae263bf, org.springframework.boot.test.mock.mockito.ResetMocksTestExecutionListener@7103ab0, org.springframework.boot.test.autoconfigure.restdocs.RestDocsTestExecutionListener@19ccca5, org.springframework.boot.test.autoconfigure.web.client.MockRestServiceServerResetTestExecutionListener@769d513, org.springframework.boot.test.autoconfigure.web.servlet.MockMvcPrintOnlyOnFailureTestExecutionListener@5e4fa1da, org.springframework.boot.test.autoconfigure.web.servlet.WebDriverTestExecutionListener@588cd519]
20:59:17.297 [main] DEBUG org.springframework.test.annotation.ProfileValueUtils - Retrieved @ProfileValueSourceConfiguration [null] for test class [com.example.demo.SareetaApplicationTests]
20:59:17.297 [main] DEBUG org.springframework.test.annotation.ProfileValueUtils - Retrieved ProfileValueSource type [class org.springframework.test.annotation.SystemProfileValueSource] for class [com.example.demo.SareetaApplicationTests]
20:59:17.298 [main] DEBUG org.springframework.test.annotation.ProfileValueUtils - Retrieved @ProfileValueSourceConfiguration [null] for test class [com.example.demo.SareetaApplicationTests]
20:59:17.299 [main] DEBUG org.springframework.test.annotation.ProfileValueUtils - Retrieved ProfileValueSource type [class org.springframework.test.annotation.SystemProfileValueSource] for class [com.example.demo.SareetaApplicationTests]
20:59:17.299 [main] DEBUG org.springframework.test.annotation.ProfileValueUtils - Retrieved @ProfileValueSourceConfiguration [null] for test class [com.example.demo.SareetaApplicationTests]
20:59:17.299 [main] DEBUG org.springframework.test.annotation.ProfileValueUtils - Retrieved ProfileValueSource type [class org.springframework.test.annotation.SystemProfileValueSource] for class [com.example.demo.SareetaApplicationTests]
20:59:17.299 [main] DEBUG org.springframework.test.annotation.ProfileValueUtils - Retrieved @ProfileValueSourceConfiguration [null] for test class [com.example.demo.SareetaApplicationTests]
20:59:17.299 [main] DEBUG org.springframework.test.annotation.ProfileValueUtils - Retrieved ProfileValueSource type [class org.springframework.test.annotation.SystemProfileValueSource] for class [com.example.demo.SareetaApplicationTests]
20:59:17.299 [main] DEBUG org.springframework.test.annotation.ProfileValueUtils - Retrieved @ProfileValueSourceConfiguration [null] for test class [com.example.demo.SareetaApplicationTests]
20:59:17.299 [main] DEBUG org.springframework.test.annotation.ProfileValueUtils - Retrieved ProfileValueSource type [class org.springframework.test.annotation.SystemProfileValueSource] for class [com.example.demo.SareetaApplicationTests]
20:59:17.302 [main] DEBUG org.springframework.test.context.support.AbstractDirtiesContextTestExecutionListener - Before test class: context [DefaultTestContext@5dbf5634 testClass = SareetaApplicationTests, testInstance = [null], testMethod = [null], testException = [null], mergedContextConfiguration = [WebMergedContextConfiguration@1948ea69 testClass = SareetaApplicationTests, locations = '{}', classes = '{class com.example.demo.SareetaApplication}', contextInitializerClasses = '[]', activeProfiles = '{}', propertySourceLocations = '{}', propertySourceProperties = '{org.springframework.boot.test.context.SpringBootTestContextBootstrapper=true}', contextCustomizers = set[org.springframework.boot.test.context.filter.ExcludeFilterContextCustomizer@1d8e2eea, org.springframework.boot.test.json.DuplicateJsonObjectContextCustomizerFactory$DuplicateJsonObjectContextCustomizer@49298ce7, org.springframework.boot.test.mock.mockito.MockitoContextCustomizer@0, org.springframework.boot.test.web.client.TestRestTemplateContextCustomizer@40147317, org.springframework.boot.test.autoconfigure.properties.PropertyMappingContextCustomizer@0, org.springframework.boot.test.autoconfigure.web.servlet.WebDriverContextCustomizerFactory$Customizer@100f9bbe], resourceBasePath = 'src/main/webapp', contextLoader = 'org.springframework.boot.test.context.SpringBootContextLoader', parent = [null]], attributes = map['org.springframework.test.context.web.ServletTestExecutionListener.activateListener' -> true]], class annotated with @DirtiesContext [false] with mode [null].
20:59:17.303 [main] DEBUG org.springframework.test.annotation.ProfileValueUtils - Retrieved @ProfileValueSourceConfiguration [null] for test class [com.example.demo.SareetaApplicationTests]
20:59:17.303 [main] DEBUG org.springframework.test.annotation.ProfileValueUtils - Retrieved ProfileValueSource type [class org.springframework.test.annotation.SystemProfileValueSource] for class [com.example.demo.SareetaApplicationTests]
20:59:17.321 [main] DEBUG org.springframework.test.context.support.TestPropertySourceUtils - Adding inlined properties to environment: {spring.jmx.enabled=false, org.springframework.boot.test.context.SpringBootTestContextBootstrapper=true, server.port=-1}

  .   ____          _            __ _ _
 /\\ / ___'_ __ _ _(_)_ __  __ _ \ \ \ \
( ( )\___ | '_ | '_| | '_ \/ _` | \ \ \ \
 \\/  ___)| |_)| | | | | || (_| |  ) ) ) )
  '  |____| .__|_| |_|_| |_\__, | / / / /
 =========|_|==============|___/=/_/_/_/
 :: Spring Boot ::        (v2.1.5.RELEASE)

2022-03-16 20:59:17.865  INFO 4466 --- [           main] c.example.demo.SareetaApplicationTests   : Starting SareetaApplicationTests on a7cab8ef36a3 with PID 4466 (started by root in /var/jenkins_home/workspace/eCommerce)
2022-03-16 20:59:17.866  INFO 4466 --- [           main] c.example.demo.SareetaApplicationTests   : No active profile set, falling back to default profiles: default
2022-03-16 20:59:18.882  INFO 4466 --- [           main] .s.d.r.c.RepositoryConfigurationDelegate : Bootstrapping Spring Data repositories in DEFAULT mode.
2022-03-16 20:59:18.983  INFO 4466 --- [           main] .s.d.r.c.RepositoryConfigurationDelegate : Finished Spring Data repository scanning in 86ms. Found 4 repository interfaces.
2022-03-16 20:59:19.638  INFO 4466 --- [           main] trationDelegate$BeanPostProcessorChecker : Bean 'org.springframework.transaction.annotation.ProxyTransactionManagementConfiguration' of type [org.springframework.transaction.annotation.ProxyTransactionManagementConfiguration$$EnhancerBySpringCGLIB$$22ad1674] is not eligible for getting processed by all BeanPostProcessors (for example: not eligible for auto-proxying)
2022-03-16 20:59:19.901  INFO 4466 --- [           main] com.zaxxer.hikari.HikariDataSource       : HikariPool-1 - Starting...
2022-03-16 20:59:20.098  INFO 4466 --- [           main] com.zaxxer.hikari.HikariDataSource       : HikariPool-1 - Start completed.
2022-03-16 20:59:20.166  INFO 4466 --- [           main] o.hibernate.jpa.internal.util.LogHelper  : HHH000204: Processing PersistenceUnitInfo [
	name: default
	...]
2022-03-16 20:59:20.254  INFO 4466 --- [           main] org.hibernate.Version                    : HHH000412: Hibernate Core {5.3.10.Final}
2022-03-16 20:59:20.255  INFO 4466 --- [           main] org.hibernate.cfg.Environment            : HHH000206: hibernate.properties not found
2022-03-16 20:59:20.297  INFO 4466 --- [           main] o.hibernate.annotations.common.Version   : HCANN000001: Hibernate Commons Annotations {5.0.4.Final}
2022-03-16 20:59:20.435  INFO 4466 --- [           main] org.hibernate.dialect.Dialect            : HHH000400: Using dialect: org.hibernate.dialect.H2Dialect
2022-03-16 20:59:21.112  INFO 4466 --- [           main] j.LocalContainerEntityManagerFactoryBean : Initialized JPA EntityManagerFactory for persistence unit 'default'
2022-03-16 20:59:22.218  WARN 4466 --- [           main] aWebConfiguration$JpaWebMvcConfiguration : spring.jpa.open-in-view is enabled by default. Therefore, database queries may be performed during view rendering. Explicitly configure spring.jpa.open-in-view to disable this warning
2022-03-16 20:59:22.424  INFO 4466 --- [           main] o.s.s.web.DefaultSecurityFilterChain     : Creating filter chain: any request, [org.springframework.security.web.context.request.async.WebAsyncManagerIntegrationFilter@39451d92, org.springframework.security.web.context.SecurityContextPersistenceFilter@618e7761, org.springframework.security.web.header.HeaderWriterFilter@637c8632, org.springframework.web.filter.CorsFilter@46610fc9, org.springframework.security.web.authentication.logout.LogoutFilter@4542af89, com.example.demo.security.JWTAuthenticationFilter@1fdd5517, com.example.demo.security.JWTAuthenticationVerificationFilter@2cd877d3, org.springframework.security.web.savedrequest.RequestCacheAwareFilter@22ed2886, org.springframework.security.web.servletapi.SecurityContextHolderAwareRequestFilter@792b9dd3, org.springframework.security.web.authentication.AnonymousAuthenticationFilter@3d605657, org.springframework.security.web.session.SessionManagementFilter@34001c5d, org.springframework.security.web.access.ExceptionTranslationFilter@43312512, org.springframework.security.web.access.intercept.FilterSecurityInterceptor@7ac1161f]
2022-03-16 20:59:22.823  INFO 4466 --- [           main] o.s.s.concurrent.ThreadPoolTaskExecutor  : Initializing ExecutorService 'applicationTaskExecutor'
2022-03-16 20:59:23.102  INFO 4466 --- [           main] c.example.demo.SareetaApplicationTests   : Started SareetaApplicationTests in 5.749 seconds (JVM running for 7.677)
[INFO] Tests run: 1, Failures: 0, Errors: 0, Skipped: 0, Time elapsed: 6.111 s - in com.example.demo.SareetaApplicationTests
2022-03-16 20:59:23.156  INFO 4466 --- [       Thread-2] o.s.s.concurrent.ThreadPoolTaskExecutor  : Shutting down ExecutorService 'applicationTaskExecutor'
2022-03-16 20:59:23.158  INFO 4466 --- [       Thread-2] j.LocalContainerEntityManagerFactoryBean : Closing JPA EntityManagerFactory for persistence unit 'default'
2022-03-16 20:59:23.162  INFO 4466 --- [       Thread-2] com.zaxxer.hikari.HikariDataSource       : HikariPool-1 - Shutdown initiated...
2022-03-16 20:59:23.166  INFO 4466 --- [       Thread-2] com.zaxxer.hikari.HikariDataSource       : HikariPool-1 - Shutdown completed.
[INFO] 
[INFO] Results:
[INFO] 
[INFO] Tests run: 17, Failures: 0, Errors: 0, Skipped: 0
[INFO] 
[JENKINS] Recording test results
[INFO] 
[INFO] --- maven-war-plugin:3.2.2:war (default-war) @ auth-course ---
[INFO] Packaging webapp
[INFO] Assembling webapp [auth-course] in [/var/jenkins_home/workspace/eCommerce/target/auth-course-0.0.1-SNAPSHOT]
[INFO] Processing war project
[INFO] Webapp assembled in [127 msecs]
[INFO] Building war: /var/jenkins_home/workspace/eCommerce/target/auth-course-0.0.1-SNAPSHOT.war
[INFO] 
[INFO] --- spring-boot-maven-plugin:2.1.5.RELEASE:repackage (repackage) @ auth-course ---
[INFO] Replacing main artifact with repackaged archive
[INFO] ------------------------------------------------------------------------
[INFO] BUILD SUCCESS
[INFO] ------------------------------------------------------------------------
[INFO] Total time:  17.567 s
[INFO] Finished at: 2022-03-16T20:59:27Z
[INFO] ------------------------------------------------------------------------
Waiting for Jenkins to finish collecting data
[JENKINS] Archiving /var/jenkins_home/workspace/eCommerce/pom.xml to com.example/auth-course/0.0.1-SNAPSHOT/auth-course-0.0.1-SNAPSHOT.pom
[JENKINS] Archiving /var/jenkins_home/workspace/eCommerce/target/auth-course-0.0.1-SNAPSHOT.war to com.example/auth-course/0.0.1-SNAPSHOT/auth-course-0.0.1-SNAPSHOT.war
channel stopped
[DeployPublisher][INFO] Attempting to deploy 1 war file(s)
[DeployPublisher][INFO] Deploying /var/jenkins_home/workspace/eCommerce/target/auth-course-0.0.1-SNAPSHOT.war to container Tomcat 9.x Remote with context eCommerce
  Redeploying [/var/jenkins_home/workspace/eCommerce/target/auth-course-0.0.1-SNAPSHOT.war]
  Undeploying [/var/jenkins_home/workspace/eCommerce/target/auth-course-0.0.1-SNAPSHOT.war]
  Deploying [/var/jenkins_home/workspace/eCommerce/target/auth-course-0.0.1-SNAPSHOT.war]
Finished: SUCCESS